This is TeX, Version 3.14159265 (TeX Live 2020) (preloaded format=tex 2021.10.18)  18 OCT 2021 14:38
**lastpage.dtx
(./lastpage.dtx (/usr/share/texlive/texmf-dist/tex/latex/base/docstrip.tex
\blockLevel=\count26
\emptyLines=\count27
\processedLines=\count28
\commentsRemoved=\count29
\commentsPassed=\count30
\codeLinesPassed=\count31
\TotalprocessedLines=\count32
\TotalcommentsRemoved=\count33
\TotalcommentsPassed=\count34
\TotalcodeLinesPassed=\count35
\NumberOfFiles=\count36
\inFile=\read0
\inputcheck=\read1
\@tempcnta=\count37
\off@0=\count38
\off@1=\count39
\off@2=\count40
\off@3=\count41
\off@4=\count42
\off@5=\count43
\off@6=\count44
\off@7=\count45
\off@8=\count46
\off@9=\count47
\off@10=\count48
\off@11=\count49
\off@12=\count50
\off@13=\count51
\off@14=\count52
\off@15=\count53
\@temptokena=\toks12
\@maxfiles=\count54
\@maxoutfiles=\count55

Utility: `docstrip' 2.5g <2018/05/03>
English documentation    <2018/05/03>

**********************************************************
* This program converts documented macro-files into fast *
* loadable files by stripping off (nearly) all comments! *
**********************************************************

********************************************************
* No Configuration file found, using default settings. *
********************************************************

)
*********************************************************************
* Installation
* Package: lastpage 2021/09/03 v1.2n Refers to last page's name (HMM)
*********************************************************************

Generating file(s) lastpage.ins lastpage.drv lastpage209.sty lastpage.sty lastp
age-example.tex 

Processing file lastpage.dtx (install) -> lastpage.ins
                             (driver) -> lastpage.drv
                             (lastpage209) -> lastpage209.sty
                             (package) -> lastpage.sty
                             (example) -> lastpage-example.tex
File lastpage.dtx ended by \endinput.
Lines  processed: 1983
Comments removed: 1429
Comments  passed: 47
Codelines passed: 493

************************************************************************
*
* To finish the installation you have to move the following
* file into a directory searched by TeX:
*
*  lastpage.sty (or lastpage209.sty for TeX 2.09)
*
* To produce the documentation run the file `lastpage.drv'
* through (pdf)LaTeX, e.g.
*  pdflatex lastpage.drv
*  makeindex -s gind.ist lastpage.idx
*  pdflatex lastpage.drv
*  makeindex -s gind.ist lastpage.idx
*  pdflatex lastpage.drv
*
* At least three runs are necessary e.g. to get the
*  references right!
*
* Happy TeXing!
*
************************************************************************
 )
No pages of output.
